\BOOKMARK [0][-]{Doc-Start}{Acknowledgements}{}% 1
\BOOKMARK [0][-]{chapter*.1}{Contents}{}% 2
\BOOKMARK [0][-]{chapter.1}{Introduction}{}% 3
\BOOKMARK [0][-]{chapter.2}{Excellium Services S.A.}{}% 4
\BOOKMARK [1][-]{section.2.1}{Detailed presentation}{chapter.2}% 5
\BOOKMARK [1][-]{section.2.2}{Departments}{chapter.2}% 6
\BOOKMARK [2][-]{subsection.2.2.1}{Intrusion Test - Red Team}{section.2.2}% 7
\BOOKMARK [2][-]{subsection.2.2.2}{Infrastructure security services}{section.2.2}% 8
\BOOKMARK [2][-]{subsection.2.2.3}{Information Security Governance}{section.2.2}% 9
\BOOKMARK [2][-]{subsection.2.2.4}{Cybersecurity Operation Center}{section.2.2}% 10
\BOOKMARK [2][-]{subsection.2.2.5}{CERT-XLM}{section.2.2}% 11
\BOOKMARK [2][-]{subsection.2.2.6}{Organizational chart}{section.2.2}% 12
\BOOKMARK [0][-]{chapter.3}{Presentation of the project}{}% 13
\BOOKMARK [1][-]{section.3.1}{Genesis of the project}{chapter.3}% 14
\BOOKMARK [2][-]{subsection.3.1.1}{Deception Technology: an emerging defense}{section.3.1}% 15
\BOOKMARK [2][-]{subsection.3.1.2}{Deception Technology: a detailed presentation}{section.3.1}% 16
\BOOKMARK [2][-]{subsection.3.1.3}{Deception Technology: the variable part in the deployment}{section.3.1}% 17
\BOOKMARK [2][-]{subsection.3.1.4}{Deception Technology: pro and con}{section.3.1}% 18
\BOOKMARK [1][-]{section.3.2}{Goal of the project}{chapter.3}% 19
\BOOKMARK [1][-]{section.3.3}{Final deliverable}{chapter.3}% 20
\BOOKMARK [0][-]{chapter.4}{State of the Art}{}% 21
\BOOKMARK [1][-]{section.4.1}{Deception System}{chapter.4}% 22
\BOOKMARK [2][-]{subsection.4.1.1}{General offer}{section.4.1}% 23
\BOOKMARK [2][-]{subsection.4.1.2}{Specific offer}{section.4.1}% 24
\BOOKMARK [2][-]{subsection.4.1.3}{Exploitation Model}{section.4.1}% 25
\BOOKMARK [2][-]{subsection.4.1.4}{Pricing}{section.4.1}% 26
\BOOKMARK [1][-]{section.4.2}{Deception Tools}{chapter.4}% 27
\BOOKMARK [2][-]{subsection.4.2.1}{Deploy-Deception lib20}{section.4.2}% 28
\BOOKMARK [2][-]{subsection.4.2.2}{Canary Token lib9}{section.4.2}% 29
\BOOKMARK [2][-]{subsection.4.2.3}{Domain Controller Enticing Password Tripwire \(DCEPT\)lib10 lib11}{section.4.2}% 30
\BOOKMARK [1][-]{section.4.3}{HoneyPot}{chapter.4}% 31
\BOOKMARK [1][-]{section.4.4}{Network Security Tool}{chapter.4}% 32
\BOOKMARK [2][-]{subsection.4.4.1}{Snort}{section.4.4}% 33
\BOOKMARK [2][-]{subsection.4.4.2}{Suricata}{section.4.4}% 34
\BOOKMARK [2][-]{subsection.4.4.3}{Iptables}{section.4.4}% 35
\BOOKMARK [1][-]{section.4.5}{Orchestration}{chapter.4}% 36
\BOOKMARK [2][-]{subsection.4.5.1}{Puppet}{section.4.5}% 37
\BOOKMARK [2][-]{subsection.4.5.2}{Debian Package}{section.4.5}% 38
\BOOKMARK [2][-]{subsection.4.5.3}{Bash script}{section.4.5}% 39
\BOOKMARK [1][-]{section.4.6}{Kill Chain}{chapter.4}% 40
\BOOKMARK [2][-]{subsection.4.6.1}{Reconnaissance}{section.4.6}% 41
\BOOKMARK [2][-]{subsection.4.6.2}{Weaponization}{section.4.6}% 42
\BOOKMARK [2][-]{subsection.4.6.3}{Delivery}{section.4.6}% 43
\BOOKMARK [2][-]{subsection.4.6.4}{Exploitation}{section.4.6}% 44
\BOOKMARK [2][-]{subsection.4.6.5}{Installation}{section.4.6}% 45
\BOOKMARK [2][-]{subsection.4.6.6}{Command and Control}{section.4.6}% 46
\BOOKMARK [2][-]{subsection.4.6.7}{Actions on Objective}{section.4.6}% 47
\BOOKMARK [0][-]{chapter.5}{Design of the solution}{}% 48
\BOOKMARK [1][-]{section.5.1}{Network Configuration}{chapter.5}% 49
\BOOKMARK [1][-]{section.5.2}{Application selected}{chapter.5}% 50
\BOOKMARK [0][-]{chapter.6}{UAT deployment}{}% 51
\BOOKMARK [1][-]{section.6.1}{UAT environment}{chapter.6}% 52
\BOOKMARK [1][-]{section.6.2}{Asking for the Virtual environment}{chapter.6}% 53
\BOOKMARK [2][-]{subsection.6.2.1}{The process}{section.6.2}% 54
\BOOKMARK [2][-]{subsection.6.2.2}{Network environment}{section.6.2}% 55
\BOOKMARK [1][-]{section.6.3}{Installation from scratch}{chapter.6}% 56
\BOOKMARK [2][-]{subsection.6.3.1}{Ubuntu Installation}{section.6.3}% 57
\BOOKMARK [2][-]{subsection.6.3.2}{Forwarder Installation}{section.6.3}% 58
\BOOKMARK [2][-]{subsection.6.3.3}{Heralding Installation}{section.6.3}% 59
\BOOKMARK [2][-]{subsection.6.3.4}{Windows 7 Install}{section.6.3}% 60
\BOOKMARK [1][-]{section.6.4}{Network installation}{chapter.6}% 61
\BOOKMARK [1][-]{section.6.5}{Documentation}{chapter.6}% 62
\BOOKMARK [1][-]{section.6.6}{Log Management}{chapter.6}% 63
\BOOKMARK [1][-]{section.6.7}{Accepting Test}{chapter.6}% 64
\BOOKMARK [0][-]{chapter.7}{Client deployment}{}% 65
\BOOKMARK [1][-]{section.7.1}{Preparation}{chapter.7}% 66
\BOOKMARK [1][-]{section.7.2}{Deployment}{chapter.7}% 67
\BOOKMARK [0][-]{chapter.8}{Review of the Project}{}% 68
\BOOKMARK [1][-]{section.8.1}{Axes of improvement}{chapter.8}% 69
\BOOKMARK [1][-]{section.8.2}{Project becoming}{chapter.8}% 70
\BOOKMARK [1][-]{section.8.3}{Excellium Impact}{chapter.8}% 71
\BOOKMARK [0][-]{chapter.9}{Project Management}{}% 72
\BOOKMARK [0][-]{chapter.10}{Conclusion}{}% 73
\BOOKMARK [0][-]{chapter*.2}{Bibliographie / Webographie}{}% 74
\BOOKMARK [0][-]{chapter*.3}{List of Figures}{}% 75
\BOOKMARK [0][-]{chapter*.4}{List of Tables}{}% 76
\BOOKMARK [0][-]{section*.5}{Glossary}{}% 77
\BOOKMARK [0][-]{chapter*.6}{R\351sum\351}{}% 78
\BOOKMARK [0][-]{chapter*.6}{Abstract}{}% 79
